2023-11-10T10:00:17.955+02:00  WARN 16064 --- [HikariPool-1 housekeeper] com.zaxxer.hikari.pool.HikariPool        : HikariPool-1 - Thread starvation or clock leap detected (housekeeper delta=15h36m43s250ms914µs200ns).
2023-11-10T10:02:02.712+02:00  INFO 16064 --- [SpringApplicationShutdownHook] j.LocalContainerEntityManagerFactoryBean : Closing JPA EntityManagerFactory for persistence unit 'default'
2023-11-10T10:02:02.813+02:00  WARN 16064 --- [SpringApplicationShutdownHook] o.s.b.f.support.DisposableBeanAdapter    : Invocation of destroy method failed on bean with name 'inMemoryDatabaseShutdownExecutor': org.springframework.boot.autoconfigure.jdbc.DataSourceProperties$DataSourceBeanCreationException: Failed to determine a suitable driver class
2023-11-10T10:02:02.815+02:00  INFO 16064 --- [SpringApplicationShutdownHook] com.zaxxer.hikari.HikariDataSource       : HikariPool-1 - Shutdown initiated...
2023-11-10T10:02:02.822+02:00  INFO 16064 --- [SpringApplicationShutdownHook] com.zaxxer.hikari.HikariDataSource       : HikariPool-1 - Shutdown completed.
2023-11-10T10:02:25.980+02:00  INFO 24220 --- [restartedMain] c.r.f.FacultyServiceApplication          : Starting FacultyServiceApplication using Java 17.0.4.1 with PID 24220 (C:\Users\Nazar\IdeaProjects\SpringBoot_2y\microservices\spring-boot-microservices\faculty-service\build\classes\java\main started by Nazar in C:\Users\Nazar\IdeaProjects\SpringBoot_2y\microservices\spring-boot-microservices)
2023-11-10T10:02:25.982+02:00  INFO 24220 --- [restartedMain] c.r.f.FacultyServiceApplication          : The following 1 profile is active: "dev"
2023-11-10T10:02:26.024+02:00  INFO 24220 --- [restartedMain] .e.DevToolsPropertyDefaultsPostProcessor : Devtools property defaults active! Set 'spring.devtools.add-properties' to 'false' to disable
2023-11-10T10:02:26.024+02:00  INFO 24220 --- [restartedMain] .e.DevToolsPropertyDefaultsPostProcessor : For additional web related logging consider setting the 'logging.level.web' property to 'DEBUG'
2023-11-10T10:02:26.046+02:00  INFO 24220 --- [restartedMain] .s.b.d.c.l.DockerComposeLifecycleManager : Using Docker Compose file 'C:\Users\Nazar\IdeaProjects\SpringBoot_2y\microservices\spring-boot-microservices\compose.yaml'
2023-11-10T10:02:28.956+02:00  INFO 24220 --- [restartedMain] .s.d.r.c.RepositoryConfigurationDelegate : Bootstrapping Spring Data JPA repositories in DEFAULT mode.
2023-11-10T10:02:29.017+02:00  INFO 24220 --- [restartedMain] .s.d.r.c.RepositoryConfigurationDelegate : Finished Spring Data repository scanning in 51 ms. Found 2 JPA repository interfaces.
2023-11-10T10:02:29.622+02:00  INFO 24220 --- [restartedMain] o.s.b.w.embedded.tomcat.TomcatWebServer  : Tomcat initialized with port(s): 8001 (http)
2023-11-10T10:02:29.633+02:00  INFO 24220 --- [restartedMain] o.apache.catalina.core.StandardService   : Starting service [Tomcat]
2023-11-10T10:02:29.633+02:00  INFO 24220 --- [restartedMain] o.apache.catalina.core.StandardEngine    : Starting Servlet engine: [Apache Tomcat/10.1.13]
2023-11-10T10:02:29.690+02:00  INFO 24220 --- [restartedMain] o.a.c.c.C.[Tomcat].[localhost].[/]       : Initializing Spring embedded WebApplicationContext
2023-11-10T10:02:29.690+02:00  INFO 24220 --- [restartedMain] w.s.c.ServletWebServerApplicationContext : Root WebApplicationContext: initialization completed in 1829 ms
2023-11-10T10:02:29.951+02:00  INFO 24220 --- [restartedMain] o.hibernate.jpa.internal.util.LogHelper  : HHH000204: Processing PersistenceUnitInfo [name: default]
2023-11-10T10:02:30.015+02:00  INFO 24220 --- [restartedMain] org.hibernate.Version                    : HHH000412: Hibernate ORM core version 6.2.9.Final
2023-11-10T10:02:30.017+02:00  INFO 24220 --- [restartedMain] org.hibernate.cfg.Environment            : HHH000406: Using bytecode reflection optimizer
2023-11-10T10:02:30.184+02:00  INFO 24220 --- [restartedMain] o.h.b.i.BytecodeProviderInitiator        : HHH000021: Bytecode provider name : bytebuddy
2023-11-10T10:02:30.342+02:00  INFO 24220 --- [restartedMain] o.s.o.j.p.SpringPersistenceUnitInfo      : No LoadTimeWeaver setup: ignoring JPA class transformer
2023-11-10T10:02:30.363+02:00  INFO 24220 --- [restartedMain] com.zaxxer.hikari.HikariDataSource       : HikariPool-1 - Starting...
2023-11-10T10:02:30.544+02:00  INFO 24220 --- [restartedMain] com.zaxxer.hikari.pool.HikariPool        : HikariPool-1 - Added connection org.postgresql.jdbc.PgConnection@74fff3f9
2023-11-10T10:02:30.546+02:00  INFO 24220 --- [restartedMain] com.zaxxer.hikari.HikariDataSource       : HikariPool-1 - Start completed.
2023-11-10T10:02:30.799+02:00  INFO 24220 --- [restartedMain] o.h.b.i.BytecodeProviderInitiator        : HHH000021: Bytecode provider name : bytebuddy
2023-11-10T10:02:31.369+02:00  INFO 24220 --- [restartedMain] o.h.e.t.j.p.i.JtaPlatformInitiator       : HHH000490: Using JtaPlatform implementation: [org.hibernate.engine.transaction.jta.platform.internal.NoJtaPlatform]
2023-11-10T10:02:31.393+02:00  WARN 24220 --- [restartedMain] o.h.engine.jdbc.spi.SqlExceptionHelper   : SQL Warning Code: 0, SQLState: 00000
2023-11-10T10:02:31.394+02:00  WARN 24220 --- [restartedMain] o.h.engine.jdbc.spi.SqlExceptionHelper   : relation "discipline" does not exist, skipping
2023-11-10T10:02:31.395+02:00  WARN 24220 --- [restartedMain] o.h.engine.jdbc.spi.SqlExceptionHelper   : SQL Warning Code: 0, SQLState: 00000
2023-11-10T10:02:31.395+02:00  WARN 24220 --- [restartedMain] o.h.engine.jdbc.spi.SqlExceptionHelper   : table "discipline" does not exist, skipping
2023-11-10T10:02:31.396+02:00  WARN 24220 --- [restartedMain] o.h.engine.jdbc.spi.SqlExceptionHelper   : SQL Warning Code: 0, SQLState: 00000
2023-11-10T10:02:31.397+02:00  WARN 24220 --- [restartedMain] o.h.engine.jdbc.spi.SqlExceptionHelper   : table "faculty" does not exist, skipping
2023-11-10T10:02:31.448+02:00  INFO 24220 --- [restartedMain] j.LocalContainerEntityManagerFactoryBean : Initialized JPA EntityManagerFactory for persistence unit 'default'
2023-11-10T10:02:31.752+02:00  WARN 24220 --- [restartedMain] JpaBaseConfiguration$JpaWebConfiguration : spring.jpa.open-in-view is enabled by default. Therefore, database queries may be performed during view rendering. Explicitly configure spring.jpa.open-in-view to disable this warning
2023-11-10T10:02:31.872+02:00  INFO 24220 --- [restartedMain] o.s.s.web.DefaultSecurityFilterChain     : Will secure any request with [org.springframework.security.web.session.DisableEncodeUrlFilter@29675b22, org.springframework.security.web.context.request.async.WebAsyncManagerIntegrationFilter@7dd48409, org.springframework.security.web.context.SecurityContextHolderFilter@6ecc963e, org.springframework.security.web.header.HeaderWriterFilter@524c4d5e, org.springframework.security.web.authentication.logout.LogoutFilter@5081cb52, com.recordsystem.facultyservice.config.JwtAuthenticationFilter@21fc8395, org.springframework.security.web.savedrequest.RequestCacheAwareFilter@74f343ec, org.springframework.security.web.servletapi.SecurityContextHolderAwareRequestFilter@6b435ef8, org.springframework.security.web.authentication.AnonymousAuthenticationFilter@34b265e3, org.springframework.security.web.session.SessionManagementFilter@44137c1d, org.springframework.security.web.access.ExceptionTranslationFilter@7f6fb866]
2023-11-10T10:02:32.422+02:00  INFO 24220 --- [restartedMain] o.s.b.d.a.OptionalLiveReloadServer       : LiveReload server is running on port 35729
2023-11-10T10:02:32.427+02:00  INFO 24220 --- [restartedMain] o.s.b.a.e.web.EndpointLinksResolver      : Exposing 15 endpoint(s) beneath base path '/actuator'
2023-11-10T10:02:32.508+02:00  INFO 24220 --- [restartedMain] o.s.b.w.embedded.tomcat.TomcatWebServer  : Tomcat started on port(s): 8001 (http) with context path ''
2023-11-10T10:02:32.525+02:00  INFO 24220 --- [restartedMain] c.r.f.FacultyServiceApplication          : Started FacultyServiceApplication in 6.959 seconds (process running for 10.059)
2023-11-10T10:02:32.611+02:00  WARN 24220 --- [registrationTask1] d.c.b.a.c.r.ApplicationRegistrator       : Failed to register application as Application(name=spring-boot-application, managementUrl=http://host.docker.internal:8001/actuator, healthUrl=http://host.docker.internal:8001/actuator/health, serviceUrl=http://host.docker.internal:8001/) at spring-boot-admin ([http://localhost:8002/admin/instances]): I/O error on POST request for "http://localhost:8002/admin/instances": Connection refused: no further information. Further attempts are logged on DEBUG level
2023-11-10T10:18:26.819+02:00  INFO 6200 --- [main] c.r.userservice.UserServiceApplication   : Starting UserServiceApplication using Java 17.0.4.1 with PID 6200 (C:\Users\Nazar\IdeaProjects\SpringBoot_2y\microservices\spring-boot-microservices\user-service\build\classes\java\main started by Nazar in C:\Users\Nazar\IdeaProjects\SpringBoot_2y\microservices\spring-boot-microservices)
2023-11-10T10:18:26.822+02:00  INFO 6200 --- [main] c.r.userservice.UserServiceApplication   : The following 1 profile is active: "dev"
2023-11-10T10:18:26.896+02:00  INFO 6200 --- [main] .s.b.d.c.l.DockerComposeLifecycleManager : Using Docker Compose file 'C:\Users\Nazar\IdeaProjects\SpringBoot_2y\microservices\spring-boot-microservices\compose.yaml'
2023-11-10T10:19:19.106+02:00  INFO 21984 --- [restartedMain] c.r.n.NotificationServiceApplication     : Starting NotificationServiceApplication using Java 17.0.4.1 with PID 21984 (C:\Users\Nazar\IdeaProjects\SpringBoot_2y\microservices\spring-boot-microservices\notification-service\build\classes\java\main started by Nazar in C:\Users\Nazar\IdeaProjects\SpringBoot_2y\microservices\spring-boot-microservices)
2023-11-10T10:19:19.108+02:00  INFO 21984 --- [restartedMain] c.r.n.NotificationServiceApplication     : No active profile set, falling back to 1 default profile: "default"
2023-11-10T10:19:19.162+02:00  INFO 21984 --- [restartedMain] .e.DevToolsPropertyDefaultsPostProcessor : Devtools property defaults active! Set 'spring.devtools.add-properties' to 'false' to disable
2023-11-10T10:19:19.162+02:00  INFO 21984 --- [restartedMain] .e.DevToolsPropertyDefaultsPostProcessor : For additional web related logging consider setting the 'logging.level.web' property to 'DEBUG'
2023-11-10T10:19:19.181+02:00  INFO 21984 --- [restartedMain] .s.b.d.c.l.DockerComposeLifecycleManager : Using Docker Compose file 'C:\Users\Nazar\IdeaProjects\SpringBoot_2y\microservices\spring-boot-microservices\compose.yaml'
2023-11-10T10:19:21.491+02:00  INFO 21984 --- [restartedMain] o.s.b.w.embedded.tomcat.TomcatWebServer  : Tomcat initialized with port(s): 8004 (http)
2023-11-10T10:19:21.501+02:00  INFO 21984 --- [restartedMain] o.apache.catalina.core.StandardService   : Starting service [Tomcat]
2023-11-10T10:19:21.501+02:00  INFO 21984 --- [restartedMain] o.apache.catalina.core.StandardEngine    : Starting Servlet engine: [Apache Tomcat/10.1.13]
2023-11-10T10:19:21.552+02:00  INFO 21984 --- [restartedMain] o.a.c.c.C.[Tomcat].[localhost].[/]       : Initializing Spring embedded WebApplicationContext
2023-11-10T10:19:21.553+02:00  INFO 21984 --- [restartedMain] w.s.c.ServletWebServerApplicationContext : Root WebApplicationContext: initialization completed in 1121 ms
2023-11-10T10:19:22.094+02:00  WARN 21984 --- [restartedMain] o.s.b.d.a.OptionalLiveReloadServer       : Unable to start LiveReload server
2023-11-10T10:19:22.098+02:00  INFO 21984 --- [restartedMain] o.s.b.a.e.web.EndpointLinksResolver      : Exposing 15 endpoint(s) beneath base path '/actuator'
2023-11-10T10:19:22.164+02:00  INFO 21984 --- [restartedMain] o.s.b.w.embedded.tomcat.TomcatWebServer  : Tomcat started on port(s): 8004 (http) with context path ''
2023-11-10T10:19:22.385+02:00  INFO 21984 --- [restartedMain] c.r.n.NotificationServiceApplication     : Started NotificationServiceApplication in 3.61 seconds (process running for 4.114)
2023-11-10T10:19:22.485+02:00  WARN 21984 --- [registrationTask1] d.c.b.a.c.r.ApplicationRegistrator       : Failed to register application as Application(name=spring-boot-application, managementUrl=http://host.docker.internal:8004/actuator, healthUrl=http://host.docker.internal:8004/actuator/health, serviceUrl=http://host.docker.internal:8004/) at spring-boot-admin ([http://localhost:8002/admin/instances]): I/O error on POST request for "http://localhost:8002/admin/instances": Connection refused: no further information. Further attempts are logged on DEBUG level
2023-11-10T10:36:19.780+02:00  INFO 6468 --- [restartedMain] c.r.n.NotificationServiceApplication     : Starting NotificationServiceApplication using Java 17.0.4.1 with PID 6468 (C:\Users\Nazar\IdeaProjects\SpringBoot_2y\microservices\spring-boot-microservices\notification-service\build\classes\java\main started by Nazar in C:\Users\Nazar\IdeaProjects\SpringBoot_2y\microservices\spring-boot-microservices)
2023-11-10T10:36:19.782+02:00  INFO 6468 --- [restartedMain] c.r.n.NotificationServiceApplication     : No active profile set, falling back to 1 default profile: "default"
2023-11-10T10:36:19.828+02:00  INFO 6468 --- [restartedMain] .e.DevToolsPropertyDefaultsPostProcessor : Devtools property defaults active! Set 'spring.devtools.add-properties' to 'false' to disable
2023-11-10T10:36:19.828+02:00  INFO 6468 --- [restartedMain] .e.DevToolsPropertyDefaultsPostProcessor : For additional web related logging consider setting the 'logging.level.web' property to 'DEBUG'
2023-11-10T10:36:19.846+02:00  INFO 6468 --- [restartedMain] .s.b.d.c.l.DockerComposeLifecycleManager : Using Docker Compose file 'C:\Users\Nazar\IdeaProjects\SpringBoot_2y\microservices\spring-boot-microservices\compose.yaml'
2023-11-10T10:36:22.106+02:00  INFO 6468 --- [restartedMain] o.s.b.w.embedded.tomcat.TomcatWebServer  : Tomcat initialized with port(s): 8004 (http)
2023-11-10T10:36:22.115+02:00  INFO 6468 --- [restartedMain] o.apache.catalina.core.StandardService   : Starting service [Tomcat]
2023-11-10T10:36:22.115+02:00  INFO 6468 --- [restartedMain] o.apache.catalina.core.StandardEngine    : Starting Servlet engine: [Apache Tomcat/10.1.13]
2023-11-10T10:36:22.163+02:00  INFO 6468 --- [restartedMain] o.a.c.c.C.[Tomcat].[localhost].[/]       : Initializing Spring embedded WebApplicationContext
2023-11-10T10:36:22.164+02:00  INFO 6468 --- [restartedMain] w.s.c.ServletWebServerApplicationContext : Root WebApplicationContext: initialization completed in 1075 ms
2023-11-10T10:36:22.755+02:00  WARN 6468 --- [restartedMain] o.s.b.d.a.OptionalLiveReloadServer       : Unable to start LiveReload server
2023-11-10T10:36:22.758+02:00  INFO 6468 --- [restartedMain] o.s.b.a.e.web.EndpointLinksResolver      : Exposing 15 endpoint(s) beneath base path '/actuator'
2023-11-10T10:36:22.821+02:00  INFO 6468 --- [restartedMain] o.s.b.w.embedded.tomcat.TomcatWebServer  : Tomcat started on port(s): 8004 (http) with context path ''
2023-11-10T10:36:23.001+02:00  INFO 6468 --- [restartedMain] c.r.n.NotificationServiceApplication     : Started NotificationServiceApplication in 3.575 seconds (process running for 4.165)
2023-11-10T10:36:23.073+02:00  WARN 6468 --- [registrationTask1] d.c.b.a.c.r.ApplicationRegistrator       : Failed to register application as Application(name=spring-boot-application, managementUrl=http://host.docker.internal:8004/actuator, healthUrl=http://host.docker.internal:8004/actuator/health, serviceUrl=http://host.docker.internal:8004/) at spring-boot-admin ([http://localhost:8002/admin/instances]): I/O error on POST request for "http://localhost:8002/admin/instances": Connection refused: no further information. Further attempts are logged on DEBUG level
2023-11-10T11:05:04.709+02:00  INFO 5464 --- [main] c.r.userservice.UserServiceApplication   : Starting UserServiceApplication using Java 17.0.4.1 with PID 5464 (C:\Users\Nazar\IdeaProjects\SpringBoot_2y\microservices\spring-boot-microservices\user-service\build\classes\java\main started by Nazar in C:\Users\Nazar\IdeaProjects\SpringBoot_2y\microservices\spring-boot-microservices)
2023-11-10T11:05:04.711+02:00  INFO 5464 --- [main] c.r.userservice.UserServiceApplication   : The following 1 profile is active: "dev"
2023-11-10T11:05:04.781+02:00  INFO 5464 --- [main] .s.b.d.c.l.DockerComposeLifecycleManager : Using Docker Compose file 'C:\Users\Nazar\IdeaProjects\SpringBoot_2y\microservices\spring-boot-microservices\compose.yaml'
2023-11-10T11:05:14.911+02:00  INFO 24220 --- [SpringApplicationShutdownHook] j.LocalContainerEntityManagerFactoryBean : Closing JPA EntityManagerFactory for persistence unit 'default'
2023-11-10T11:05:14.955+02:00  WARN 24220 --- [SpringApplicationShutdownHook] o.h.engine.jdbc.spi.SqlExceptionHelper   : SQL Warning Code: 0, SQLState: 00000
2023-11-10T11:05:14.955+02:00  WARN 24220 --- [SpringApplicationShutdownHook] o.h.engine.jdbc.spi.SqlExceptionHelper   : drop cascades to constraint fk_faculty on table course
2023-11-10T11:05:14.983+02:00  WARN 24220 --- [SpringApplicationShutdownHook] o.s.b.f.support.DisposableBeanAdapter    : Invocation of destroy method failed on bean with name 'inMemoryDatabaseShutdownExecutor': org.springframework.boot.autoconfigure.jdbc.DataSourceProperties$DataSourceBeanCreationException: Failed to determine a suitable driver class
2023-11-10T11:05:14.984+02:00  INFO 24220 --- [SpringApplicationShutdownHook] com.zaxxer.hikari.HikariDataSource       : HikariPool-1 - Shutdown initiated...
2023-11-10T11:05:14.990+02:00  INFO 24220 --- [SpringApplicationShutdownHook] com.zaxxer.hikari.HikariDataSource       : HikariPool-1 - Shutdown completed.
